--------------- Build Started: 08/18/2023 16:26:07 Project: Staj_Mouse_HID_Project, Configuration: ARM GCC 5.4-2016-q2-update Debug ---------------
cydsfit.exe -.appdatapath "C:\Users\enes_\AppData\Local\Cypress Semiconductor\PSoC Creator\4.4" -.fdsnotice -.fdswarpdepfile=warp_dependencies.txt -.fdselabdepfile=elab_dependencies.txt -.fdsbldfile=generated_files.txt -.fdsreffile=referenced_files.txt -p "C:\Users\enes_\Documents\PSoC Creator\Intern_WorkSpace\Staj_Mouse_HID_Project.cydsn\Staj_Mouse_HID_Project.cyprj" -d CY8C6247BZI-D54 -s "C:\Users\enes_\Documents\PSoC Creator\Intern_WorkSpace\Staj_Mouse_HID_Project.cydsn\Generated_Source\PSoC6" -- -yv2 -q10 -ygs -o2 -v3 -.fftcfgtype=LE
Elaborating Design...
HDL Generation...
Synthesis...
Tech Mapping...
Info: plm.M0038: The pin named CY_CPUSS_SWJ_SWCLK_TCLK(0) at location P6[7] prevents usage of special purposes: TCPWM[3].line_compl. (App=cydsfit)
Info: plm.M0038: The pin named CY_CPUSS_SWJ_SWCLK_TCLK(0) at location P6[7] prevents usage of special purposes: TCPWM[19].line_compl. (App=cydsfit)
Info: plm.M0038: The pin named CY_CPUSS_SWJ_SWCLK_TCLK(0) at location P6[7] prevents usage of special purposes: CSD[0].csd_tx. (App=cydsfit)
Info: plm.M0038: The pin named CY_CPUSS_SWJ_SWCLK_TCLK(0) at location P6[7] prevents usage of special purposes: CSD[0].csd_tx_n. (App=cydsfit)
Info: plm.M0038: The pin named CY_CPUSS_SWJ_SWDIO_TMS(0) at location P6[6] prevents usage of special purposes: TCPWM[3].line. (App=cydsfit)
Info: plm.M0038: The pin named CY_CPUSS_SWJ_SWDIO_TMS(0) at location P6[6] prevents usage of special purposes: TCPWM[19].line. (App=cydsfit)
Info: plm.M0038: The pin named CY_CPUSS_SWJ_SWDIO_TMS(0) at location P6[6] prevents usage of special purposes: CSD[0].csd_tx. (App=cydsfit)
Info: plm.M0038: The pin named CY_CPUSS_SWJ_SWDIO_TMS(0) at location P6[6] prevents usage of special purposes: CSD[0].csd_tx_n. (App=cydsfit)
Analog Placement...
Analog Routing...
Analog Code Generation...
Digital Placement...
Digital Routing...
Bitstream Generation...
Bitstream Verification...
Static timing analysis...
API Generation...
Dependency Generation...
Cleanup...
The compile step is up to date, no work needs to be done.
The link step is up to date, no work needs to be done.
arm-none-eabi-gcc.exe -mcpu=cortex-m4 -mfloat-abi=softfp -mfpu=fpv4-sp-d16 -mthumb -I. -IGenerated_Source\PSoC6 -IGenerated_Source\PSoC6\pdl\cmsis/include/ -IGenerated_Source\PSoC6\pdl\devices/psoc6/include/ -IGenerated_Source\PSoC6\pdl\devices/psoc6/include/ip/ -IGenerated_Source\PSoC6\pdl\drivers/peripheral/ -IGenerated_Source\PSoC6\pdl\drivers/peripheral/device/ -IGenerated_Source\PSoC6\pdl\drivers/peripheral/dma/ -IGenerated_Source\PSoC6\pdl\drivers/peripheral/efuse/ -IGenerated_Source\PSoC6\pdl\drivers/peripheral/flash/ -IGenerated_Source\PSoC6\pdl\drivers/peripheral/gpio/ -IGenerated_Source\PSoC6\pdl\drivers/peripheral/ipc/ -IGenerated_Source\PSoC6\pdl\drivers/peripheral/lvd/ -IGenerated_Source\PSoC6\pdl\drivers/peripheral/profile/ -IGenerated_Source\PSoC6\pdl\drivers/peripheral/prot/ -IGenerated_Source\PSoC6\pdl\drivers/peripheral/sysanalog/ -IGenerated_Source\PSoC6\pdl\drivers/peripheral/sysclk/ -IGenerated_Source\PSoC6\pdl\drivers/peripheral/sysint/ -IGenerated_Source\PSoC6\pdl\drivers/peripheral/syslib/ -IGenerated_Source\PSoC6\pdl\drivers/peripheral/syspm/ -IGenerated_Source\PSoC6\pdl\drivers/peripheral/systick/ -IGenerated_Source\PSoC6\pdl\drivers/peripheral/tcpwm/ -IGenerated_Source\PSoC6\pdl\drivers/peripheral/trigmux/ -IGenerated_Source\PSoC6\pdl\drivers/peripheral/usbfs/ -IGenerated_Source\PSoC6\pdl\drivers/peripheral/wdt/ -IGenerated_Source\PSoC6\pdl\middleware/ -IGenerated_Source\PSoC6\pdl\middleware/usb_dev/ -Wa,-alh=.\CortexM4\ARM_GCC_541\Debug/main_cm4.lst -g -D DEBUG -D CY_CORE_ID=0 -D CY_PSOC_CREATOR_USED=1 -D CY8C6247BZI_D54 -Wall -ffunction-sections -ffat-lto-objects -Og -c main_cm4.c -o .\CortexM4\ARM_GCC_541\Debug\main_cm4.o
main_cm4.c: In function 'main':
main_cm4.c:101:25: warning: 'prevPos' may be used uninitialized in this function [-Wmaybe-uninitialized]
                 else if (pos > prevPos)
                         ^
arm-none-eabi-gcc.exe -Wl,--start-group -o "C:\Users\enes_\Documents\PSoC Creator\Intern_WorkSpace\Staj_Mouse_HID_Project.cydsn\CortexM4\ARM_GCC_541\Debug\Staj_Mouse_HID_Project_link.elf" .\CortexM4\ARM_GCC_541\Debug\startup_psoc6_01_cm4.o .\CortexM4\ARM_GCC_541\Debug\main_cm4.o .\CortexM4\ARM_GCC_541\Debug\system_psoc6_cm4.o .\CortexM4\ARM_GCC_541\Debug\cyfitter_sysint_cfg.o .\CortexM4\ARM_GCC_541\Debug\cymetadata.o .\CortexM4\ARM_GCC_541\Debug\USBFS.o .\CortexM4\ARM_GCC_541\Debug\USBFS_cfg.o .\CortexM4\ARM_GCC_541\Debug\cy_dma.o .\CortexM4\ARM_GCC_541\Debug\cy_efuse.o .\CortexM4\ARM_GCC_541\Debug\cy_flash.o .\CortexM4\ARM_GCC_541\Debug\cy_gpio.o .\CortexM4\ARM_GCC_541\Debug\cy_ipc_drv.o .\CortexM4\ARM_GCC_541\Debug\cy_ipc_sema.o .\CortexM4\ARM_GCC_541\Debug\cy_ipc_pipe.o .\CortexM4\ARM_GCC_541\Debug\cy_lvd.o .\CortexM4\ARM_GCC_541\Debug\cy_profile.o .\CortexM4\ARM_GCC_541\Debug\cy_prot.o .\CortexM4\ARM_GCC_541\Debug\cy_sysanalog.o .\CortexM4\ARM_GCC_541\Debug\cy_sysclk.o .\CortexM4\ARM_GCC_541\Debug\cy_sysint.o .\CortexM4\ARM_GCC_541\Debug\cy_syslib.o .\CortexM4\ARM_GCC_541\Debug\cy_syslib_gcc.o .\CortexM4\ARM_GCC_541\Debug\cy_syspm.o .\CortexM4\ARM_GCC_541\Debug\cy_systick.o .\CortexM4\ARM_GCC_541\Debug\cy_trigmux.o .\CortexM4\ARM_GCC_541\Debug\cy_usbfs_dev_drv.o .\CortexM4\ARM_GCC_541\Debug\cy_usbfs_dev_drv_io.o .\CortexM4\ARM_GCC_541\Debug\cy_usbfs_dev_drv_io_dma.o .\CortexM4\ARM_GCC_541\Debug\cy_wdt.o .\CortexM4\ARM_GCC_541\Debug\cy_device.o .\CortexM4\ARM_GCC_541\Debug\cy_tcpwm_counter.o .\CortexM4\ARM_GCC_541\Debug\cy_tcpwm_pwm.o .\CortexM4\ARM_GCC_541\Debug\cy_tcpwm_quaddec.o .\CortexM4\ARM_GCC_541\Debug\cy_usb_dev.o .\CortexM4\ARM_GCC_541\Debug\cy_usb_dev_audio.o .\CortexM4\ARM_GCC_541\Debug\cy_usb_dev_cdc.o .\CortexM4\ARM_GCC_541\Debug\cy_usb_dev_hid.o .\CortexM4\ARM_GCC_541\Debug\CapSense_Control.o .\CortexM4\ARM_GCC_541\Debug\CapSense_Processing.o .\CortexM4\ARM_GCC_541\Debug\CapSense_Structure.o .\CortexM4\ARM_GCC_541\Debug\CapSense_Tuner.o .\CortexM4\ARM_GCC_541\Debug\CapSense_Filter.o .\CortexM4\ARM_GCC_541\Debug\CapSense_Sensing.o .\CortexM4\ARM_GCC_541\Debug\CapSense_INT.o .\CortexM4\ARM_GCC_541\Debug\CapSense_SensingCSD_LL.o .\CortexM4\ARM_GCC_541\Debug\CapSense_SensingCSX_LL.o .\CortexM4\ARM_GCC_541\Debug\CapSense_Centroid_LL.o .\CortexM4\ARM_GCC_541\Debug\PWM_1.o "C:\Program Files (x86)\Cypress\PSoC Creator\4.4\PSoC Creator\psoc\content\CyComponentLibrary\CyComponentLibrary.cylib\CapSense_v3_0\Library\CapSense_Library_GCC_M4.a" -mcpu=cortex-m4 -mfloat-abi=softfp -mfpu=fpv4-sp-d16 -mthumb -L Generated_Source\PSoC6 -Wl,-Map,.\CortexM4\ARM_GCC_541\Debug/Staj_Mouse_HID_Project.map -T cy8c6xx7_cm4_dual.ld -specs=nano.specs -Wl,--gc-sections -g -ffunction-sections -Og -ffat-lto-objects -Wl,--end-group
"C:\Program Files (x86)\Cypress\PDL\3.1.0\tools\win\elf\cymcuelftool.exe" --sign "C:\Users\enes_\Documents\PSoC Creator\Intern_WorkSpace\Staj_Mouse_HID_Project.cydsn\CortexM4\ARM_GCC_541\Debug\Staj_Mouse_HID_Project_link.elf" --output "C:\Users\enes_\Documents\PSoC Creator\Intern_WorkSpace\Staj_Mouse_HID_Project.cydsn\CortexM4\ARM_GCC_541\Debug\Staj_Mouse_HID_Project_signed.elf" --hex "C:\Users\enes_\Documents\PSoC Creator\Intern_WorkSpace\Staj_Mouse_HID_Project.cydsn\CortexM4\ARM_GCC_541\Debug\Staj_Mouse_HID_Project_signed.hex"
No ELF section .cychecksum found, creating one
Application checksum calculated and stored in ELF section .cychecksum
Checksum calculated and stored in ELF section .cymeta
"C:\Program Files (x86)\Cypress\PDL\3.1.0\tools\win\elf\cymcuelftool.exe" --merge "C:\Users\enes_\Documents\PSoC Creator\Intern_WorkSpace\Staj_Mouse_HID_Project.cydsn\CortexM4\ARM_GCC_541\Debug\Staj_Mouse_HID_Project_signed.elf" "C:\Users\enes_\Documents\PSoC Creator\Intern_WorkSpace\Staj_Mouse_HID_Project.cydsn\CortexM0p\ARM_GCC_541\Debug\Staj_Mouse_HID_Project.elf" --output "C:\Users\enes_\Documents\PSoC Creator\Intern_WorkSpace\Staj_Mouse_HID_Project.cydsn\CortexM4\ARM_GCC_541\Debug\Staj_Mouse_HID_Project.elf" --hex "C:\Users\enes_\Documents\PSoC Creator\Intern_WorkSpace\Staj_Mouse_HID_Project.cydsn\CortexM4\ARM_GCC_541\Debug\Staj_Mouse_HID_Project.hex"
Application checksum calculated and stored in ELF section .cychecksum
Checksum calculated and stored in ELF section .cymeta
"C:\Program Files (x86)\Cypress\PDL\3.1.0\tools\win\elf\cymcuelftool.exe" -A "C:\Users\enes_\Documents\PSoC Creator\Intern_WorkSpace\Staj_Mouse_HID_Project.cydsn\CortexM4\ARM_GCC_541\Debug\Staj_Mouse_HID_Project.elf"
code:45232	sram:3152
--------------- Build Succeeded: 08/18/2023 16:26:35 ---------------
